#
# A fatal error has been detected by the Java Runtime Environment:
#
#  EXCEPTION_ACCESS_VIOLATION (0xc0000005) at pc=0x0000021024825b63, pid=6296, tid=0x0000000000002780
#
# JRE version: Java(TM) SE Runtime Environment (8.0_261-b12) (build 1.8.0_261-b12)
# Java VM: Java HotSpot(TM) 64-Bit Server VM (25.261-b12 mixed mode windows-amd64 compressed oops)
# Problematic frame:
# 
[error occurred during error reporting (printing problematic frame), id 0xc0000005]

# Failed to write core dump. Minidumps are not enabled by default on client versions of Windows
#
# If you would like to submit a bug report, please visit:
#   http://bugreport.java.com/bugreport/crash.jsp
#

---------------  T H R E A D  ---------------

Current thread (0x000002103bafa000):  JavaThread "http-nio-8080-exec-5" daemon [_thread_in_Java, id=10112, stack(0x0000001daf400000,0x0000001daf500000)]

siginfo: ExceptionCode=0xc0000005, reading address 0x00000210435df7e8

Registers:
RAX=0x0000000000000000, RBX=0x00000210435df7c8, RCX=0x000000000000004c, RDX=0x0000001daf4fd400
RSP=0x0000001daf4fd538, RBP=0x0000001daf4fd578, RSI=0x00000000000001d5, RDI=0x0000000000000196
R8 =0x0000021043430130, R9 =0x0000000000000002, R10=0x0000000060fe59f0, R11=0x0000000000000000
R12=0x0000000000000000, R13=0x00000210431df764, R14=0x0000001daf4fd5b0, R15=0x000002103bafa000
RIP=0x0000021024825b63, EFLAGS=0x0000000000010212

Top of Stack: (sp=0x0000001daf4fd538)
0x0000001daf4fd538:   0000001daf4fd538 00000210431df75f
0x0000001daf4fd548:   0000001daf4fd5b0 00000210431e14e8
0x0000001daf4fd558:   0000000000000000 00000210435df7c8
0x0000001daf4fd568:   0000000000000000 0000001daf4fd588
0x0000001daf4fd578:   0000001daf4fd5f8 000002102480837d
0x0000001daf4fd588:   0000000000000036 0000000000000008
0x0000001daf4fd598:   0000000000000002 00000000000000ef
0x0000001daf4fd5a8:   00000000e7e60090 00000000d668e628
0x0000001daf4fd5b8:   0000001daf4fd5b8 00000210431da8db
0x0000001daf4fd5c8:   0000001daf4fd630 00000210431de478
0x0000001daf4fd5d8:   0000000000000000 00000210431da938
0x0000001daf4fd5e8:   0000001daf4fd588 0000001daf4fd608
0x0000001daf4fd5f8:   0000001daf4fd678 00000210248083c2
0x0000001daf4fd608:   0000000000000036 0000000000000008
0x0000001daf4fd618:   0000000000000002 00000000000000ef
0x0000001daf4fd628:   00000000e7e60090 00000000d668e610 

Instructions: (pc=0x0000021024825b63)
0x0000021024825b43:   83 ec 10 48 89 04 24 e9 01 00 00 00 50 41 8a 97
0x0000021024825b53:   95 02 00 00 41 c6 87 95 02 00 00 00 48 8b 5d e8
0x0000021024825b63:   8b 4b 20 f7 c1 20 00 00 00 0f 84 38 02 00 00 f6
0x0000021024825b73:   c2 ff 0f 85 80 03 00 00 48 8d 55 b0 48 8b 42 08 


Register to memory mapping:

RAX=0x0000000000000000 is an unknown value
RBX=0x00000210435df7c8 is an unknown value
RCX=0x000000000000004c is an unknown value
RDX=0x0000001daf4fd400 is pointing into the stack for thread: 0x000002103bafa000
RSP=0x0000001daf4fd538 is pointing into the stack for thread: 0x000002103bafa000
RBP=0x0000001daf4fd578 is pointing into the stack for thread: 0x000002103bafa000
RSI=0x00000000000001d5 is an unknown value
RDI=0x0000000000000196 is an unknown value
R8 =0x0000021043430130 is pointing into metadata
R9 =0x0000000000000002 is an unknown value
R10=0x0000000060fe59f0 is an unknown value
R11=0x0000000000000000 is an unknown value
R12=0x0000000000000000 is an unknown value
R13=0x00000210431df764 is pointing into metadata
R14=0x0000001daf4fd5b0 is pointing into the stack for thread: 0x000002103bafa000
R15=0x000002103bafa000 is a thread


Stack: [0x0000001daf400000,0x0000001daf500000],  sp=0x0000001daf4fd538,  free space=1013k
Native frames: (J=compiled Java code, j=interpreted, Vv=VM code, C=native code)
C  0x0000021024825b63


---------------  P R O C E S S  ---------------

Java Threads: ( => current thread )
  0x000002103bafe800 JavaThread "DestroyJavaVM" [_thread_blocked, id=2996, stack(0x0000001dad500000,0x0000001dad600000)]
  0x000002103baf7800 JavaThread "http-nio-8080-Acceptor" daemon [_thread_in_native, id=6592, stack(0x0000001dafb00000,0x0000001dafc00000)]
  0x000002103bafd000 JavaThread "http-nio-8080-ClientPoller" daemon [_thread_in_native, id=10860, stack(0x0000001dafa00000,0x0000001dafb00000)]
  0x000002103bafb800 JavaThread "http-nio-8080-exec-10" daemon [_thread_blocked, id=9392, stack(0x0000001daf900000,0x0000001dafa00000)]
  0x000002103baf7000 JavaThread "http-nio-8080-exec-9" daemon [_thread_blocked, id=9384, stack(0x0000001daf800000,0x0000001daf900000)]
  0x000002103baf8800 JavaThread "http-nio-8080-exec-8" daemon [_thread_blocked, id=6576, stack(0x0000001daf700000,0x0000001daf800000)]
  0x000002103bafa800 JavaThread "http-nio-8080-exec-7" daemon [_thread_blocked, id=7408, stack(0x0000001daf600000,0x0000001daf700000)]
  0x000002103bafc000 JavaThread "http-nio-8080-exec-6" daemon [_thread_blocked, id=1504, stack(0x0000001daf500000,0x0000001daf600000)]
=>0x000002103bafa000 JavaThread "http-nio-8080-exec-5" daemon [_thread_in_Java, id=10112, stack(0x0000001daf400000,0x0000001daf500000)]
  0x000002103baf9000 JavaThread "http-nio-8080-exec-4" daemon [_thread_blocked, id=11432, stack(0x0000001daf300000,0x0000001daf400000)]
  0x000002103ac3c800 JavaThread "http-nio-8080-exec-3" daemon [_thread_blocked, id=12592, stack(0x0000001daf200000,0x0000001daf300000)]
  0x000002103ac42800 JavaThread "http-nio-8080-exec-2" daemon [_thread_blocked, id=5424, stack(0x0000001daf100000,0x0000001daf200000)]
  0x000002103ac41800 JavaThread "http-nio-8080-exec-1" daemon [_thread_blocked, id=1536, stack(0x0000001daf000000,0x0000001daf100000)]
  0x000002103ac40000 JavaThread "http-nio-8080-BlockPoller" daemon [_thread_in_native, id=9452, stack(0x0000001daee00000,0x0000001daef00000)]
  0x000002103ac41000 JavaThread "Live Reload Server" daemon [_thread_in_native, id=10492, stack(0x0000001daef00000,0x0000001daf000000)]
  0x000002103ac3d000 JavaThread "File Watcher" daemon [_thread_blocked, id=13204, stack(0x0000001daed00000,0x0000001daee00000)]
  0x000002103ac3b800 JavaThread "HikariPool-1 housekeeper" daemon [_thread_blocked, id=3024, stack(0x0000001daeb00000,0x0000001daec00000)]
  0x000002103ac3f800 JavaThread "mssql-jdbc-shared-timer-core-0" daemon [_thread_blocked, id=10904, stack(0x0000001daea00000,0x0000001daeb00000)]
  0x000002103d3d7000 JavaThread "container-0" [_thread_blocked, id=8068, stack(0x0000001dae800000,0x0000001dae900000)]
  0x000002103d3d6800 JavaThread "Catalina-utility-2" [_thread_blocked, id=11296, stack(0x0000001dae700000,0x0000001dae800000)]
  0x000002103d5d3800 JavaThread "Catalina-utility-1" [_thread_blocked, id=13240, stack(0x0000001dae600000,0x0000001dae700000)]
  0x000002103967e000 JavaThread "Service Thread" daemon [_thread_blocked, id=3284, stack(0x0000001dae200000,0x0000001dae300000)]
  0x00000210395fc800 JavaThread "C1 CompilerThread2" daemon [_thread_blocked, id=7424, stack(0x0000001dae100000,0x0000001dae200000)]
  0x00000210395f5000 JavaThread "C2 CompilerThread1" daemon [_thread_blocked, id=6612, stack(0x0000001dae000000,0x0000001dae100000)]
  0x00000210395f2800 JavaThread "C2 CompilerThread0" daemon [_thread_blocked, id=4436, stack(0x0000001dadf00000,0x0000001dae000000)]
  0x00000210395ee800 JavaThread "Attach Listener" daemon [_thread_blocked, id=12868, stack(0x0000001dade00000,0x0000001dadf00000)]
  0x00000210395ed800 JavaThread "Signal Dispatcher" daemon [_thread_blocked, id=10972, stack(0x0000001dadd00000,0x0000001dade00000)]
  0x00000210395cf800 JavaThread "Finalizer" daemon [_thread_blocked, id=9588, stack(0x0000001dadc00000,0x0000001dadd00000)]
  0x00000210395a5800 JavaThread "Reference Handler" daemon [_thread_blocked, id=11380, stack(0x0000001dadb00000,0x0000001dadc00000)]

Other Threads:
  0x00000210395a2800 VMThread [stack: 0x0000001dada00000,0x0000001dadb00000] [id=6100]
  0x00000210396a0000 WatcherThread [stack: 0x0000001dae300000,0x0000001dae400000] [id=4584]

VM state:not at safepoint (normal execution)

VM Mutex/Monitor currently owned by a thread: None

heap address: 0x0000000081c00000, size: 2020 MB, Compressed Oops mode: 32-bit
Narrow klass base: 0x0000000000000000, Narrow klass shift: 3
Compressed class space size: 1073741824 Address: 0x0000000100000000

Heap:
 PSYoungGen      total 264192K, used 31712K [0x00000000d5f00000, 0x00000000e8880000, 0x0000000100000000)
  eden space 252416K, 8% used [0x00000000d5f00000,0x00000000d72cc618,0x00000000e5580000)
  from space 11776K, 97% used [0x00000000e7d00000,0x00000000e882bb90,0x00000000e8880000)
  to   space 20480K, 0% used [0x00000000e6080000,0x00000000e6080000,0x00000000e7480000)
 ParOldGen       total 139264K, used 38186K [0x0000000081c00000, 0x000000008a400000, 0x00000000d5f00000)
  object space 139264K, 27% used [0x0000000081c00000,0x000000008414a900,0x000000008a400000)
 Metaspace       used 63453K, capacity 67138K, committed 67220K, reserved 1107968K
  class space    used 8538K, capacity 9143K, committed 9148K, reserved 1048576K

Card table byte_map: [0x0000021033bc0000,0x0000021033fc0000] byte_map_base: 0x00000210337b2000

Marking Bits: (ParMarkBitMap*) 0x0000000061004fb0
 Begin Bits: [0x0000021034270000, 0x0000021036200000)
 End Bits:   [0x0000021036200000, 0x0000021038190000)

Polling page: 0x0000021022f20000

CodeCache: size=245760Kb used=16965Kb max_used=16977Kb free=228794Kb
 bounds [0x0000021024800000, 0x00000210258c0000, 0x0000021033800000]
 total_blobs=6192 nmethods=5588 adapters=515
 compilation: enabled

Compilation events (10 events):
Event: 51.251 Thread 0x00000210395fc800 nmethod 6562 0x00000210252034d0 code [0x0000021025203660, 0x0000021025203a20]
Event: 51.251 Thread 0x00000210395fc800 6563       3       org.hibernate.type.AbstractStandardBasicType::deepCopy (11 bytes)
Event: 51.252 Thread 0x00000210395fc800 nmethod 6563 0x0000021025202f90 code [0x0000021025203100, 0x00000210252033e0]
Event: 51.252 Thread 0x00000210395fc800 6567   !   3       sun.nio.cs.ISO_8859_1$Decoder::decodeArrayLoop (263 bytes)
Event: 51.252 Thread 0x00000210395f5000 6568       4       java.util.Collections$SetFromMap::contains (11 bytes)
Event: 51.253 Thread 0x00000210395f2800 nmethod 6552 0x00000210251ff310 code [0x00000210251ff480, 0x00000210251ff8f8]
Event: 51.254 Thread 0x00000210395fc800 nmethod 6567 0x00000210251faa10 code [0x00000210251faea0, 0x00000210251fd820]
Event: 51.254 Thread 0x00000210395fc800 6571       3       org.thymeleaf.context.WebEngineContext$RequestAttributesVariablesMap::getTemplateData (52 bytes)
Event: 51.254 Thread 0x00000210395fc800 nmethod 6571 0x0000021025202a10 code [0x0000021025202b80, 0x0000021025202e58]
Event: 51.254 Thread 0x00000210395fc800 6569       3       org.thymeleaf.context.AbstractEngineContext::getTemplateMode (8 bytes)

GC Heap History (10 events):
Event: 5.638 GC heap before
{Heap before GC invocations=9 (full 1):
 PSYoungGen      total 142848K, used 102380K [0x00000000d5f00000, 0x00000000e4700000, 0x0000000100000000)
  eden space 133120K, 69% used [0x00000000d5f00000,0x00000000db97f100,0x00000000de100000)
  from space 9728K, 99% used [0x00000000de100000,0x00000000dea7bf10,0x00000000dea80000)
  to   space 11776K, 0% used [0x00000000e3b80000,0x00000000e3b80000,0x00000000e4700000)
 ParOldGen       total 55296K, used 8120K [0x0000000081c00000, 0x0000000085200000, 0x00000000d5f00000)
  object space 55296K, 14% used [0x0000000081c00000,0x00000000823ee378,0x0000000085200000)
 Metaspace       used 33253K, capacity 35290K, committed 35416K, reserved 1079296K
  class space    used 4300K, capacity 4667K, committed 4736K, reserved 1048576K
Event: 5.653 GC heap after
Heap after GC invocations=9 (full 1):
 PSYoungGen      total 222720K, used 10561K [0x00000000d5f00000, 0x00000000e4680000, 0x0000000100000000)
  eden space 211456K, 0% used [0x00000000d5f00000,0x00000000d5f00000,0x00000000e2d80000)
  from space 11264K, 93% used [0x00000000e3b80000,0x00000000e45d0498,0x00000000e4680000)
  to   space 12800K, 0% used [0x00000000e2d80000,0x00000000e2d80000,0x00000000e3a00000)
 ParOldGen       total 55296K, used 8128K [0x0000000081c00000, 0x0000000085200000, 0x00000000d5f00000)
  object space 55296K, 14% used [0x0000000081c00000,0x00000000823f0378,0x0000000085200000)
 Metaspace       used 33253K, capacity 35290K, committed 35416K, reserved 1079296K
  class space    used 4300K, capacity 4667K, committed 4736K, reserved 1048576K
}
Event: 5.653 GC heap before
{Heap before GC invocations=10 (full 2):
 PSYoungGen      total 222720K, used 10561K [0x00000000d5f00000, 0x00000000e4680000, 0x0000000100000000)
  eden space 211456K, 0% used [0x00000000d5f00000,0x00000000d5f00000,0x00000000e2d80000)
  from space 11264K, 93% used [0x00000000e3b80000,0x00000000e45d0498,0x00000000e4680000)
  to   space 12800K, 0% used [0x00000000e2d80000,0x00000000e2d80000,0x00000000e3a00000)
 ParOldGen       total 55296K, used 8128K [0x0000000081c00000, 0x0000000085200000, 0x00000000d5f00000)
  object space 55296K, 14% used [0x0000000081c00000,0x00000000823f0378,0x0000000085200000)
 Metaspace       used 33253K, capacity 35290K, committed 35416K, reserved 1079296K
  class space    used 4300K, capacity 4667K, committed 4736K, reserved 1048576K
Event: 5.730 GC heap after
Heap after GC invocations=10 (full 2):
 PSYoungGen      total 222720K, used 0K [0x00000000d5f00000, 0x00000000e4680000, 0x0000000100000000)
  eden space 211456K, 0% used [0x00000000d5f00000,0x00000000d5f00000,0x00000000e2d80000)
  from space 11264K, 0% used [0x00000000e3b80000,0x00000000e3b80000,0x00000000e4680000)
  to   space 12800K, 0% used [0x00000000e2d80000,0x00000000e2d80000,0x00000000e3a00000)
 ParOldGen       total 86016K, used 15495K [0x0000000081c00000, 0x0000000087000000, 0x00000000d5f00000)
  object space 86016K, 18% used [0x0000000081c00000,0x0000000082b21c00,0x0000000087000000)
 Metaspace       used 33253K, capacity 35290K, committed 35416K, reserved 1079296K
  class space    used 4300K, capacity 4667K, committed 4736K, reserved 1048576K
}
Event: 9.679 GC heap before
{Heap before GC invocations=11 (full 2):
 PSYoungGen      total 222720K, used 210440K [0x00000000d5f00000, 0x00000000e4680000, 0x0000000100000000)
  eden space 211456K, 99% used [0x00000000d5f00000,0x00000000e2c82150,0x00000000e2d80000)
  from space 11264K, 0% used [0x00000000e3b80000,0x00000000e3b80000,0x00000000e4680000)
  to   space 12800K, 0% used [0x00000000e2d80000,0x00000000e2d80000,0x00000000e3a00000)
 ParOldGen       total 86016K, used 15495K [0x0000000081c00000, 0x0000000087000000, 0x00000000d5f00000)
  object space 86016K, 18% used [0x0000000081c00000,0x0000000082b21c00,0x0000000087000000)
 Metaspace       used 55849K, capacity 58960K, committed 59028K, reserved 1099776K
  class space    used 7542K, capacity 8086K, committed 8124K, reserved 1048576K
Event: 9.720 GC heap after
Heap after GC invocations=11 (full 2):
 PSYoungGen      total 224256K, used 12796K [0x00000000d5f00000, 0x00000000e9100000, 0x0000000100000000)
  eden space 211456K, 0% used [0x00000000d5f00000,0x00000000d5f00000,0x00000000e2d80000)
  from space 12800K, 99% used [0x00000000e2d80000,0x00000000e39ff340,0x00000000e3a00000)
  to   space 20480K, 0% used [0x00000000e7d00000,0x00000000e7d00000,0x00000000e9100000)
 ParOldGen       total 86016K, used 30275K [0x0000000081c00000, 0x0000000087000000, 0x00000000d5f00000)
  object space 86016K, 35% used [0x0000000081c00000,0x0000000083990f80,0x0000000087000000)
 Metaspace       used 55849K, capacity 58960K, committed 59028K, reserved 1099776K
  class space    used 7542K, capacity 8086K, committed 8124K, reserved 1048576K
}
Event: 9.720 GC heap before
{Heap before GC invocations=12 (full 3):
 PSYoungGen      total 224256K, used 12796K [0x00000000d5f00000, 0x00000000e9100000, 0x0000000100000000)
  eden space 211456K, 0% used [0x00000000d5f00000,0x00000000d5f00000,0x00000000e2d80000)
  from space 12800K, 99% used [0x00000000e2d80000,0x00000000e39ff340,0x00000000e3a00000)
  to   space 20480K, 0% used [0x00000000e7d00000,0x00000000e7d00000,0x00000000e9100000)
 ParOldGen       total 86016K, used 30275K [0x0000000081c00000, 0x0000000087000000, 0x00000000d5f00000)
  object space 86016K, 35% used [0x0000000081c00000,0x0000000083990f80,0x0000000087000000)
 Metaspace       used 55849K, capacity 58960K, committed 59028K, reserved 1099776K
  class space    used 7542K, capacity 8086K, committed 8124K, reserved 1048576K
Event: 9.910 GC heap after
Heap after GC invocations=12 (full 3):
 PSYoungGen      total 224256K, used 0K [0x00000000d5f00000, 0x00000000e9100000, 0x0000000100000000)
  eden space 211456K, 0% used [0x00000000d5f00000,0x00000000d5f00000,0x00000000e2d80000)
  from space 12800K, 0% used [0x00000000e2d80000,0x00000000e2d80000,0x00000000e3a00000)
  to   space 20480K, 0% used [0x00000000e7d00000,0x00000000e7d00000,0x00000000e9100000)
 ParOldGen       total 139264K, used 38178K [0x0000000081c00000, 0x000000008a400000, 0x00000000d5f00000)
  object space 139264K, 27% used [0x0000000081c00000,0x0000000084148900,0x000000008a400000)
 Metaspace       used 55849K, capacity 58960K, committed 59028K, reserved 1099776K
  class space    used 7542K, capacity 8086K, committed 8124K, reserved 1048576K
}
Event: 48.862 GC heap before
{Heap before GC invocations=13 (full 3):
 PSYoungGen      total 224256K, used 211456K [0x00000000d5f00000, 0x00000000e9100000, 0x0000000100000000)
  eden space 211456K, 100% used [0x00000000d5f00000,0x00000000e2d80000,0x00000000e2d80000)
  from space 12800K, 0% used [0x00000000e2d80000,0x00000000e2d80000,0x00000000e3a00000)
  to   space 20480K, 0% used [0x00000000e7d00000,0x00000000e7d00000,0x00000000e9100000)
 ParOldGen       total 139264K, used 38178K [0x0000000081c00000, 0x000000008a400000, 0x00000000d5f00000)
  object space 139264K, 27% used [0x0000000081c00000,0x0000000084148900,0x000000008a400000)
 Metaspace       used 62782K, capacity 66408K, committed 66708K, reserved 1107968K
  class space    used 8485K, capacity 9084K, committed 9148K, reserved 1048576K
Event: 48.877 GC heap after
Heap after GC invocations=13 (full 3):
 PSYoungGen      total 264192K, used 11438K [0x00000000d5f00000, 0x00000000e8880000, 0x0000000100000000)
  eden space 252416K, 0% used [0x00000000d5f00000,0x00000000d5f00000,0x00000000e5580000)
  from space 11776K, 97% used [0x00000000e7d00000,0x00000000e882bb90,0x00000000e8880000)
  to   space 20480K, 0% used [0x00000000e6080000,0x00000000e6080000,0x00000000e7480000)
 ParOldGen       total 139264K, used 38186K [0x0000000081c00000, 0x000000008a400000, 0x00000000d5f00000)
  object space 139264K, 27% used [0x0000000081c00000,0x000000008414a900,0x000000008a400000)
 Metaspace       used 62782K, capacity 66408K, committed 66708K, reserved 1107968K
  class space    used 8485K, capacity 9084K, committed 9148K, reserved 1048576K
}

Deoptimization events (10 events):
Event: 48.791 Thread 0x000002103baf7000 Uncommon trap: reason=unstable_if action=reinterpret pc=0x0000021025311dbc method=org.springframework.util.ClassUtils.isAssignable(Ljava/lang/Class;Ljava/lang/Class;)Z @ 67
Event: 48.840 Thread 0x000002103bafb800 Uncommon trap: reason=speculate_class_check action=maybe_recompile pc=0x00000210251103d8 method=org.springframework.transaction.interceptor.AbstractFallbackTransactionAttributeSource.getTransactionAttribute(Ljava/lang/reflect/Method;Ljava/lang/Class;)Lorg
Event: 48.896 Thread 0x000002103bafb800 Uncommon trap: reason=speculate_class_check action=maybe_recompile pc=0x00000210251103d8 method=org.springframework.transaction.interceptor.AbstractFallbackTransactionAttributeSource.getTransactionAttribute(Ljava/lang/reflect/Method;Ljava/lang/Class;)Lorg
Event: 48.903 Thread 0x000002103bafb800 Uncommon trap: reason=speculate_class_check action=maybe_recompile pc=0x00000210251103d8 method=org.springframework.transaction.interceptor.AbstractFallbackTransactionAttributeSource.getTransactionAttribute(Ljava/lang/reflect/Method;Ljava/lang/Class;)Lorg
Event: 48.932 Thread 0x000002103bafb800 Uncommon trap: reason=class_check action=maybe_recompile pc=0x000002102575a4cc method=java.lang.Character.isWhitespace(I)Z @ 5
Event: 48.933 Thread 0x000002103bafb800 Uncommon trap: reason=unstable_if action=reinterpret pc=0x00000210255e6f24 method=java.lang.reflect.Method.invoke(Ljava/lang/Object;[Ljava/lang/Object;)Ljava/lang/Object; @ 18
Event: 48.933 Thread 0x000002103bafb800 Uncommon trap: reason=predicate action=maybe_recompile pc=0x0000021024e180a8 method=java.lang.String.regionMatches(ZILjava/lang/String;II)Z @ 63
Event: 48.961 Thread 0x000002103bafb800 Uncommon trap: reason=unstable_if action=reinterpret pc=0x0000021024b39374 method=java.lang.String.lastIndexOf([CII[CIII)I @ 118
Event: 48.970 Thread 0x000002103bafb800 Uncommon trap: reason=unstable_if action=reinterpret pc=0x0000021024e3f388 method=org.springframework.util.ObjectUtils.nullSafeEquals(Ljava/lang/Object;Ljava/lang/Object;)Z @ 12
Event: 49.021 Thread 0x000002103bafb800 Uncommon trap: reason=class_check action=maybe_recompile pc=0x000002102575a4cc method=java.lang.Character.isWhitespace(I)Z @ 5

Classes redefined (0 events):
No events

Internal exceptions (10 events):
Event: 9.463 Thread 0x000002103ab9d000 Exception <a 'java/lang/ClassNotFoundException': org/springframework/beans/factory/AwareCustomizer> (0x00000000e1daec18) thrown at [C:\jenkins\workspace\8-2-build-windows-amd64-cygwin\jdk8u261\295\hotspot\src\share\vm\classfile\systemDictionary.cpp, line 
Event: 10.097 Thread 0x000002103ab9d000 Exception <a 'java/lang/IncompatibleClassChangeError': Found class java.lang.Object, but interface was expected> (0x00000000d6a946d0) thrown at [C:\jenkins\workspace\8-2-build-windows-amd64-cygwin\jdk8u261\295\hotspot\src\share\vm\interpreter\linkResolver
Event: 44.303 Thread 0x000002103ac41800 Exception <a 'java/lang/ClassNotFoundException': java/lang/ObjectCustomizer> (0x00000000e0fdc668) thrown at [C:\jenkins\workspace\8-2-build-windows-amd64-cygwin\jdk8u261\295\hotspot\src\share\vm\classfile\systemDictionary.cpp, line 210]
Event: 44.304 Thread 0x000002103ac41800 Exception <a 'java/lang/ClassNotFoundException': com/quiz/model/LoginCustomizer> (0x00000000e0ff30d0) thrown at [C:\jenkins\workspace\8-2-build-windows-amd64-cygwin\jdk8u261\295\hotspot\src\share\vm\classfile\systemDictionary.cpp, line 210]
Event: 48.785 Thread 0x000002103baf7000 Exception <a 'java/lang/NoSuchMethodError': java.lang.Object.lambda$static$0(Lorg/hibernate/type/EntityType;Ljava/lang/Object;Lorg/hibernate/engine/spi/SharedSessionContractImplementor;Ljava/lang/Object;Ljava/lang/Boolean;)Ljava/lang/Object;> (0x00000000e
Event: 48.859 Thread 0x000002103bafb800 Exception <a 'java/lang/NoSuchMethodError': java.lang.Object.lambda$mapIfAllPresent$6(Ljava/util/Optional;Ljava/util/function/BiFunction;Ljava/lang/Object;)Ljava/util/Optional;> (0x00000000e2d6e920) thrown at [C:\jenkins\workspace\8-2-build-windows-amd64-
Event: 48.859 Thread 0x000002103bafb800 Exception <a 'java/lang/NoSuchMethodError': java.lang.Object.lambda$null$5(Ljava/util/function/BiFunction;Ljava/lang/Object;Ljava/lang/Object;)Ljava/lang/Object;> (0x00000000e2d73240) thrown at [C:\jenkins\workspace\8-2-build-windows-amd64-cygwin\jdk8u261
Event: 48.970 Thread 0x000002103bafb800 Implicit null exception at 0x0000021024e3f2bd to 0x0000021024e3f373
Event: 49.012 Thread 0x000002103bafb800 Exception <a 'java/lang/ClassNotFoundException': java/lang/ObjectCustomizer> (0x00000000d62d0da0) thrown at [C:\jenkins\workspace\8-2-build-windows-amd64-cygwin\jdk8u261\295\hotspot\src\share\vm\classfile\systemDictionary.cpp, line 210]
Event: 49.013 Thread 0x000002103bafb800 Exception <a 'java/lang/ClassNotFoundException': com/quiz/dto/ExamDtoCustomizer> (0x00000000d62e77f8) thrown at [C:\jenkins\workspace\8-2-build-windows-amd64-cygwin\jdk8u261\295\hotspot\src\share\vm\classfile\systemDictionary.cpp, line 210]

Events (10 events):
Event: 49.198 loading class org/springframework/http/server/ServletServerHttpRequest
Event: 49.198 loading class org/springframework/http/server/ServletServerHttpRequest done
Event: 49.199 loading class org/springframework/http/server/ServerHttpAsyncRequestControl
Event: 49.199 loading class org/springframework/http/server/ServerHttpAsyncRequestControl done
Event: 49.200 loading class org/springframework/http/HttpHeaders
Event: 49.200 loading class org/springframework/http/HttpHeaders done
Event: 49.200 loading class org/springframework/web/servlet/mvc/method/annotation/HttpEntityMethodProcessor
Event: 49.200 loading class org/springframework/web/servlet/mvc/method/annotation/HttpEntityMethodProcessor done
Event: 49.202 loading class org/apache/tomcat/util/http/NamesEnumerator
Event: 49.202 loading class org/apache/tomcat/util/http/NamesEnumerator done


Dynamic libraries:
0x00007ff7124c0000 - 0x00007ff712507000 	C:\Program Files\Java\jre1.8.0_261\bin\javaw.exe
0x00007ffb8c450000 - 0x00007ffb8c645000 	C:\Windows\SYSTEM32\ntdll.dll
0x00007ffb8b240000 - 0x00007ffb8b2fd000 	C:\Windows\System32\KERNEL32.DLL
0x00007ffb8a030000 - 0x00007ffb8a2f7000 	C:\Windows\System32\KERNELBASE.dll
0x00007ffb8b7b0000 - 0x00007ffb8b85a000 	C:\Windows\System32\ADVAPI32.dll
0x00007ffb8b3e0000 - 0x00007ffb8b47e000 	C:\Windows\System32\msvcrt.dll
0x00007ffb8a4b0000 - 0x00007ffb8a54b000 	C:\Windows\System32\sechost.dll
0x00007ffb8a6b0000 - 0x00007ffb8a7d4000 	C:\Windows\System32\RPCRT4.dll
0x00007ffb8c270000 - 0x00007ffb8c410000 	C:\Windows\System32\USER32.dll
0x00007ffb89ef0000 - 0x00007ffb89f12000 	C:\Windows\System32\win32u.dll
0x00007ffb8b860000 - 0x00007ffb8b88a000 	C:\Windows\System32\GDI32.dll
0x00007ffb89f20000 - 0x00007ffb8a029000 	C:\Windows\System32\gdi32full.dll
0x00007ffb89cf0000 - 0x00007ffb89d8d000 	C:\Windows\System32\msvcp_win.dll
0x00007ffb89d90000 - 0x00007ffb89e90000 	C:\Windows\System32\ucrtbase.dll
0x00007ffb88fb0000 - 0x00007ffb8924b000 	C:\Windows\WinSxS\amd64_microsoft.windows.common-controls_6595b64144ccf1df_6.0.19041.488_none_ca04af081b815d21\COMCTL32.dll
0x00007ffb8af30000 - 0x00007ffb8af60000 	C:\Windows\System32\IMM32.DLL
0x00007ffb7eed0000 - 0x00007ffb7eee5000 	C:\Program Files\Java\jre1.8.0_261\bin\vcruntime140.dll
0x00007ffb70bd0000 - 0x00007ffb70c6b000 	C:\Program Files\Java\jre1.8.0_261\bin\msvcp140.dll
0x0000000060810000 - 0x000000006107c000 	C:\Program Files\Java\jre1.8.0_261\bin\server\jvm.dll
0x00007ffb8bbf0000 - 0x00007ffb8bbf8000 	C:\Windows\System32\PSAPI.DLL
0x00007ffb75750000 - 0x00007ffb75759000 	C:\Windows\SYSTEM32\WSOCK32.dll
0x00007ffb8b5c0000 - 0x00007ffb8b62b000 	C:\Windows\System32\WS2_32.dll
0x00007ffb78910000 - 0x00007ffb78937000 	C:\Windows\SYSTEM32\WINMM.dll
0x00007ffb80d30000 - 0x00007ffb80d3a000 	C:\Windows\SYSTEM32\VERSION.dll
0x00007ffb87e30000 - 0x00007ffb87e43000 	C:\Windows\SYSTEM32\kernel.appcore.dll
0x00007ffb82f60000 - 0x00007ffb82f70000 	C:\Program Files\Java\jre1.8.0_261\bin\verify.dll
0x00007ffb7df20000 - 0x00007ffb7df4b000 	C:\Program Files\Java\jre1.8.0_261\bin\java.dll
0x00007ffb71520000 - 0x00007ffb71538000 	C:\Program Files\Java\jre1.8.0_261\bin\zip.dll
0x00007ffb8a7e0000 - 0x00007ffb8af21000 	C:\Windows\System32\SHELL32.dll
0x00007ffb87480000 - 0x00007ffb87c13000 	C:\Windows\SYSTEM32\windows.storage.dll
0x00007ffb8b890000 - 0x00007ffb8bbe5000 	C:\Windows\System32\combase.dll
0x00007ffb88f10000 - 0x00007ffb88f3c000 	C:\Windows\SYSTEM32\Wldp.dll
0x00007ffb8c1c0000 - 0x00007ffb8c26e000 	C:\Windows\System32\SHCORE.dll
0x00007ffb8b120000 - 0x00007ffb8b175000 	C:\Windows\System32\shlwapi.dll
0x00007ffb89ac0000 - 0x00007ffb89ae6000 	C:\Windows\SYSTEM32\profapi.dll
0x00007ffb7e8b0000 - 0x00007ffb7e8bd000 	C:\Program Files\Java\jre1.8.0_261\bin\management.dll
0x00007ffb71500000 - 0x00007ffb7151c000 	C:\Program Files\Java\jre1.8.0_261\bin\net.dll
0x00007ffb88c90000 - 0x00007ffb88cfa000 	C:\Windows\system32\mswsock.dll
0x00007ffb70020000 - 0x00007ffb70037000 	C:\Windows\system32\napinsp.dll
0x00007ffb70100000 - 0x00007ffb7011b000 	C:\Windows\system32\pnrpnsp.dll
0x00007ffb83960000 - 0x00007ffb83975000 	C:\Windows\system32\wshbth.dll
0x00007ffb826c0000 - 0x00007ffb826dd000 	C:\Windows\system32\NLAapi.dll
0x00007ffb88980000 - 0x00007ffb889bb000 	C:\Windows\SYSTEM32\IPHLPAPI.DLL
0x00007ffb889c0000 - 0x00007ffb88a8b000 	C:\Windows\SYSTEM32\DNSAPI.dll
0x00007ffb8af60000 - 0x00007ffb8af69000 	C:\Windows\System32\NSI.dll
0x00007ffb700d0000 - 0x00007ffb700e2000 	C:\Windows\System32\winrnr.dll
0x00007ffb78900000 - 0x00007ffb7890a000 	C:\Windows\System32\rasadhlp.dll
0x00007ffb78b60000 - 0x00007ffb78bdf000 	C:\Windows\System32\fwpuclnt.dll
0x00007ffb8a3b0000 - 0x00007ffb8a3d7000 	C:\Windows\System32\bcrypt.dll
0x00007ffb714e0000 - 0x00007ffb714f3000 	C:\Program Files\Java\jre1.8.0_261\bin\nio.dll
0x00007ffb89840000 - 0x00007ffb89858000 	C:\Windows\SYSTEM32\CRYPTSP.dll
0x00007ffb88640000 - 0x00007ffb88674000 	C:\Windows\system32\rsaenh.dll
0x00007ffb89a80000 - 0x00007ffb89aae000 	C:\Windows\SYSTEM32\USERENV.dll
0x00007ffb8a430000 - 0x00007ffb8a4af000 	C:\Windows\System32\bcryptprimitives.dll
0x00007ffb88e60000 - 0x00007ffb88e6c000 	C:\Windows\SYSTEM32\CRYPTBASE.dll
0x00007ffb80d10000 - 0x00007ffb80d27000 	C:\Windows\SYSTEM32\dhcpcsvc6.DLL
0x00007ffb80ca0000 - 0x00007ffb80cbd000 	C:\Windows\SYSTEM32\dhcpcsvc.DLL
0x00007ffb713c0000 - 0x00007ffb713e4000 	C:\Program Files\Java\jre1.8.0_261\bin\sunec.dll
0x00007ffb78400000 - 0x00007ffb7840d000 	C:\Program Files\Java\jre1.8.0_261\bin\sunmscapi.dll
0x00007ffb89b90000 - 0x00007ffb89ced000 	C:\Windows\System32\CRYPT32.dll
0x00007ffb88f80000 - 0x00007ffb88fa7000 	C:\Windows\SYSTEM32\ncrypt.dll
0x00007ffb88f40000 - 0x00007ffb88f7b000 	C:\Windows\SYSTEM32\NTASN1.dll
0x00007ffb89650000 - 0x00007ffb89834000 	C:\Windows\SYSTEM32\dbghelp.dll

VM Arguments:
jvm_args: -Dfile.encoding=UTF-8 
java_command: com.quiz.QuizApplication
java_class_path (initial): F:\quiz\target\classes;C:\Users\Minh Hieu\.m2\repository\org\springframework\boot\spring-boot-starter-data-jpa\2.4.3\spring-boot-starter-data-jpa-2.4.3.jar;C:\Users\Minh Hieu\.m2\repository\org\springframework\boot\spring-boot-starter-aop\2.4.3\spring-boot-starter-aop-2.4.3.jar;C:\Users\Minh Hieu\.m2\repository\org\springframework\spring-aop\5.3.4\spring-aop-5.3.4.jar;C:\Users\Minh Hieu\.m2\repository\org\aspectj\aspectjweaver\1.9.6\aspectjweaver-1.9.6.jar;C:\Users\Minh Hieu\.m2\repository\org\springframework\boot\spring-boot-starter-jdbc\2.4.3\spring-boot-starter-jdbc-2.4.3.jar;C:\Users\Minh Hieu\.m2\repository\com\zaxxer\HikariCP\3.4.5\HikariCP-3.4.5.jar;C:\Users\Minh Hieu\.m2\repository\org\springframework\spring-jdbc\5.3.4\spring-jdbc-5.3.4.jar;C:\Users\Minh Hieu\.m2\repository\jakarta\transaction\jakarta.transaction-api\1.3.3\jakarta.transaction-api-1.3.3.jar;C:\Users\Minh Hieu\.m2\repository\jakarta\persistence\jakarta.persistence-api\2.2.3\jakarta.persistence-api-2.2.3.jar;C:\Users\Minh Hieu\.m2\repository\org\hibernate\hibernate-core\5.4.28.Final\hibernate-core-5.4.28.Final.jar;C:\Users\Minh Hieu\.m2\repository\org\jboss\logging\jboss-logging\3.4.1.Final\jboss-logging-3.4.1.Final.jar;C:\Users\Minh Hieu\.m2\repository\org\javassist\javassist\3.27.0-GA\javassist-3.27.0-GA.jar;C:\Users\Minh Hieu\.m2\repository\net\bytebuddy\byte-buddy\1.10.20\byte-buddy-1.10.20.jar;C:\Users\Minh Hieu\.m2\repository\antlr\antlr\2.7.7\antlr-2.7.7.jar;C:\Users\Minh Hieu\.m2\repository\org\jboss\jandex\2.2.3.Final\jandex-2.2.3.Final.jar;C:\Users\Minh Hieu\.m2\repository\com\fasterxml\classmate\1.5.1\classmate-1.5.1.jar;C:\Users\Minh Hieu\.m2\repository\org\dom4j\dom4j\2.1.3\dom4j-2.1.3.jar;C:\Users\Minh Hieu\.m2\repository\org\hibernate\common\hibernate-commons-annotations\5.1.2.Final\hibernate-commons-annotations-5.1.2.Final.jar;C:\Users\Minh Hieu\.m2\repository\org\glassfish\jaxb\jaxb-runtime\2.3.3\jaxb-runtime-2.3.3.jar;C:\Users\Minh Hieu\.m2\reposit
Launcher Type: SUN_STANDARD

Environment Variables:
JAVA_HOME=C:\Program Files\Java\jdk1.8.0_191
PATH=C:/Users/Minh Hieu/.p2/pool/plugins/org.eclipse.justj.openjdk.hotspot.jre.full.win32.x86_64_15.0.2.v20210201-0955/jre/bin/server;C:/Users/Minh Hieu/.p2/pool/plugins/org.eclipse.justj.openjdk.hotspot.jre.full.win32.x86_64_15.0.2.v20210201-0955/jre/bin;C:\Program Files\Microsoft MPI\Bin\;C:\Program Files (x86)\Common Files\Oracle\Java\javapath;"C:\Program Files\Java\jdk1.8.0_191\bin;C:\Program Files (x86)\Common Files\Oracle\Java\javapath";C:\Windows\system32;C:\Windows;C:\Windows\System32\Wbem;C:\Windows\System32\WindowsPowerShell\v1.0\;C:\Windows\System32\OpenSSH\;C:\Program Files\Java\jdk1.8.0_191\bin;C:\apache-maven-3.6.0\bin;C:\Program Files\Git\cmd;C:\ProgramData\chocolatey\bin;C:\Program Files\dotnet\;C:\Program Files\TortoiseSVN\bin;D:\MATLAB\R2019a\runtime\win64;D:\MATLAB\R2019a\bin;D:\MATLAB\R2019a\polyspace\bin;C:\Program Files\nodejs\;C:\Program Files (x86)\dotnet\;C:\Program Files (x86)\Microsoft SQL Server\150\DTS\Binn\;C:\Program Files (x86)\Microsoft SQL Server\110\Tools\Binn\;C:\Program Files\Microsoft SQL Server\110\Tools\Binn\;C:\Program Files\Microsoft SQL Server\110\DTS\Binn\;C:\Users\Minh Hieu\AppData\Local\Microsoft\WindowsApps;C:\Users\Minh Hieu\AppData\Local\Programs\Microsoft VS Code\bin;C:\Users\Minh Hieu\.dotnet\tools;C:\Users\Minh Hieu\AppData\Roaming\npm;C:\Program Files\Azure Data Studio\bin;C:\Program Files\Azure Data Studio\bin;C:\Users\Minh Hieu\AppData\Local\GitHubDesktop\bin;C:\Users\Minh Hieu\AppData\Local\Programs\Azure Data Studio\bin;C:\Users\Minh Hieu\Desktop;
USERNAME=Minh Hieu
OS=Windows_NT
PROCESSOR_IDENTIFIER=Intel64 Family 6 Model 142 Stepping 9, GenuineIntel



---------------  S Y S T E M  ---------------

OS: Windows 10.0 , 64 bit Build 19041 (10.0.19041.292)

CPU:total 4 (initial active 4) (2 cores per cpu, 2 threads per core) family 6 model 142 stepping 9, cmov, cx8, fxsr, mmx, sse, sse2, sse3, ssse3, sse4.1, sse4.2, popcnt, avx, avx2, aes, clmul, erms, 3dnowpref, lzcnt, ht, tsc, tscinvbit, bmi1, bmi2, adx

Memory: 4k page, physical 8267176k(1595340k free), swap 14434784k(2141464k free)

vm_info: Java HotSpot(TM) 64-Bit Server VM (25.261-b12) for windows-amd64 JRE (1.8.0_261-b12), built on Jun 18 2020 06:56:32 by "" with unknown MS VC++:1916

time: Thu Apr 22 14:10:25 2021
timezone: SE Asia Standard Time
elapsed time: 51 seconds (0d 0h 0m 51s)

