#
# A fatal error has been detected by the Java Runtime Environment:
#
#  EXCEPTION_ACCESS_VIOLATION (0xc0000005) at pc=0x0000000060c44b86, pid=3984, tid=0x0000000000002898
#
# JRE version: Java(TM) SE Runtime Environment (8.0_261-b12) (build 1.8.0_261-b12)
# Java VM: Java HotSpot(TM) 64-Bit Server VM (25.261-b12 mixed mode windows-amd64 compressed oops)
# Problematic frame:
# V  [jvm.dll+0x434b86]
#
# Failed to write core dump. Minidumps are not enabled by default on client versions of Windows
#
# If you would like to submit a bug report, please visit:
#   http://bugreport.java.com/bugreport/crash.jsp
#

---------------  T H R E A D  ---------------

Current thread (0x00000282ebc5a000):  JavaThread "C2 CompilerThread0" daemon [_thread_in_native, id=10392, stack(0x000000b3d2800000,0x000000b3d2900000)]

siginfo: ExceptionCode=0xc0000005, reading address 0x000002852e135d20

Registers:
RAX=0x00000282ef926500, RBX=0x00000282eec44e20, RCX=0x0000000000000349, RDX=0x0000000000000349
RSP=0x000000b3d28fb440, RBP=0x00000282ee4414d0, RSI=0x00000282eec31e70, RDI=0x00000282eec451b0
R8 =0x0000000090006b20, R9 =0x00000282ee11b0a0, R10=0x00000282eec46aa0, R11=0x00000282f184ff30
R12=0x0000000000000578, R13=0x0000000000000000, R14=0x000000b3d28fb520, R15=0x0000000000000578
RIP=0x0000000060c44b86, EFLAGS=0x0000000000010202

Top of Stack: (sp=0x000000b3d28fb440)
0x000000b3d28fb440:   00000282ed0e8560 00000282ed0e85f0
0x000000b3d28fb450:   0000000000000000 0000000000000000
0x000000b3d28fb460:   00000282ec220ed0 000000b3d28fb520
0x000000b3d28fb470:   0000000000000687 0000000000003438
0x000000b3d28fb480:   ffffffffffffcbbf 0000000060c42f29
0x000000b3d28fb490:   0000000000001a1c 00000282ebc1fe40
0x000000b3d28fb4a0:   00000282f184ff30 000000b3d28fb520
0x000000b3d28fb4b0:   0000000000000001 0000000000000000
0x000000b3d28fb4c0:   000000b3d28fd9d0 0000000000100000
0x000000b3d28fb4d0:   0000000060dc47e0 0000000060dc47e0
0x000000b3d28fb4e0:   000000b3d28fb5f0 0000000060c5f94f
0x000000b3d28fb4f0:   000000000033c358 00000282ec222ee0
0x000000b3d28fb500:   00000282ec228eb8 000000b3d28fd9d0
0x000000b3d28fb510:   0000000000000000 0000000000000000
0x000000b3d28fb520:   0000028200000008 000000b3d28fd9d0
0x000000b3d28fb530:   000000b3d28fb570 00000282f184ff00 

Instructions: (pc=0x0000000060c44b86)
0x0000000060c44b66:   46 68 77 10 48 8b d6 48 8b ce e8 cb 21 00 00 e9
0x0000000060c44b76:   fe 01 00 00 44 8b 45 4c 4d 8b 5e 38 4d 8b 4b 08
0x0000000060c44b86:   43 8b 14 81 41 3b d0 74 25 90 8b ca 8b c2 41 8b
0x0000000060c44b96:   14 81 3b d1 75 f4 44 3b c2 74 13 49 8b 43 08 41 


Register to memory mapping:

RAX=0x00000282ef926500 is an unknown value
RBX=0x00000282eec44e20 is an unknown value
RCX=0x0000000000000349 is an unknown value
RDX=0x0000000000000349 is an unknown value
RSP=0x000000b3d28fb440 is pointing into the stack for thread: 0x00000282ebc5a000
RBP=0x00000282ee4414d0 is an unknown value
RSI=0x00000282eec31e70 is an unknown value
RDI=0x00000282eec451b0 is an unknown value
R8 =0x0000000090006b20 is an unallocated location in the heap
R9 =0x00000282ee11b0a0 is an unknown value
R10=0x00000282eec46aa0 is an unknown value
R11=0x00000282f184ff30 is an unknown value
R12=0x0000000000000578 is an unknown value
R13=0x0000000000000000 is an unknown value
R14=0x000000b3d28fb520 is pointing into the stack for thread: 0x00000282ebc5a000
R15=0x0000000000000578 is an unknown value


Stack: [0x000000b3d2800000,0x000000b3d2900000],  sp=0x000000b3d28fb440,  free space=1005k
Native frames: (J=compiled Java code, j=interpreted, Vv=VM code, C=native code)
V  [jvm.dll+0x434b86]
V  [jvm.dll+0x432f29]
V  [jvm.dll+0x44f94f]
V  [jvm.dll+0x44ecb5]
V  [jvm.dll+0x439bc7]
V  [jvm.dll+0xbbbcb]
V  [jvm.dll+0xba22b]
V  [jvm.dll+0x24d962]
V  [jvm.dll+0x2a1cfc]
C  [ucrtbase.dll+0x214c2]
C  [KERNEL32.DLL+0x16fd4]
C  [ntdll.dll+0x4cec1]


Current CompileTask:
C2:   7293 2974       4       org.eclipse.jdt.launching.internal.org.objectweb.asm.ClassReader::readCode (5089 bytes)


---------------  P R O C E S S  ---------------

Java Threads: ( => current thread )
  0x00000282efd69000 JavaThread "container-0" [_thread_blocked, id=10824, stack(0x000000b3d3100000,0x000000b3d3200000)]
  0x00000282efe83000 JavaThread "Catalina-utility-2" [_thread_blocked, id=9012, stack(0x000000b3d3000000,0x000000b3d3100000)]
  0x00000282f215b800 JavaThread "Catalina-utility-1" [_thread_blocked, id=2640, stack(0x000000b3d2f00000,0x000000b3d3000000)]
  0x00000282ebb17800 JavaThread "restartedMain" [_thread_in_vm, id=4676, stack(0x000000b3d2e00000,0x000000b3d2f00000)]
  0x00000282ebb14000 JavaThread "Thread-0" [_thread_blocked, id=10136, stack(0x000000b3d2d00000,0x000000b3d2e00000)]
  0x00000282ebcea800 JavaThread "Service Thread" daemon [_thread_blocked, id=5264, stack(0x000000b3d2b00000,0x000000b3d2c00000)]
  0x00000282ebc68800 JavaThread "C1 CompilerThread2" daemon [_thread_in_vm, id=464, stack(0x000000b3d2a00000,0x000000b3d2b00000)]
  0x00000282ebc65000 JavaThread "C2 CompilerThread1" daemon [_thread_in_native, id=7376, stack(0x000000b3d2900000,0x000000b3d2a00000)]
=>0x00000282ebc5a000 JavaThread "C2 CompilerThread0" daemon [_thread_in_native, id=10392, stack(0x000000b3d2800000,0x000000b3d2900000)]
  0x00000282ea3ff800 JavaThread "JDWP Command Reader" daemon [_thread_in_native, id=10384, stack(0x000000b3d2700000,0x000000b3d2800000)]
  0x00000282ea3fe000 JavaThread "JDWP Event Helper Thread" daemon [_thread_blocked, id=10528, stack(0x000000b3d2600000,0x000000b3d2700000)]
  0x00000282ea3f7000 JavaThread "JDWP Transport Listener: dt_socket" daemon [_thread_blocked, id=960, stack(0x000000b3d2500000,0x000000b3d2600000)]
  0x00000282ea3d5000 JavaThread "Attach Listener" daemon [_thread_blocked, id=6124, stack(0x000000b3d2300000,0x000000b3d2400000)]
  0x00000282ea3d4000 JavaThread "Signal Dispatcher" daemon [_thread_blocked, id=8736, stack(0x000000b3d2200000,0x000000b3d2300000)]
  0x00000282ea3b8000 JavaThread "Finalizer" daemon [_thread_blocked, id=6592, stack(0x000000b3d2100000,0x000000b3d2200000)]
  0x00000282ea38e800 JavaThread "Reference Handler" daemon [_thread_blocked, id=4240, stack(0x000000b3d2000000,0x000000b3d2100000)]
  0x00000282d4359800 JavaThread "main" [_thread_blocked, id=804, stack(0x000000b3d1a00000,0x000000b3d1b00000)]

Other Threads:
  0x00000282ea385800 VMThread [stack: 0x000000b3d1f00000,0x000000b3d2000000] [id=8980]
  0x00000282ebd28000 WatcherThread [stack: 0x000000b3d2c00000,0x000000b3d2d00000] [id=6456]

VM state:not at safepoint (normal execution)

VM Mutex/Monitor currently owned by a thread: None

heap address: 0x0000000081c00000, size: 2020 MB, Compressed Oops mode: 32-bit
Narrow klass base: 0x0000000000000000, Narrow klass shift: 3
Compressed class space size: 1073741824 Address: 0x0000000100000000

Heap:
 PSYoungGen      total 214016K, used 93298K [0x00000000d5f00000, 0x00000000e3d80000, 0x0000000100000000)
  eden space 205312K, 41% used [0x00000000d5f00000,0x00000000db1a2260,0x00000000e2780000)
  from space 8704K, 99% used [0x00000000e3500000,0x00000000e3d7a700,0x00000000e3d80000)
  to   space 10752K, 0% used [0x00000000e2880000,0x00000000e2880000,0x00000000e3300000)
 ParOldGen       total 53760K, used 7960K [0x0000000081c00000, 0x0000000085080000, 0x00000000d5f00000)
  object space 53760K, 14% used [0x0000000081c00000,0x00000000823c6350,0x0000000085080000)
 Metaspace       used 32017K, capacity 34114K, committed 34176K, reserved 1079296K
  class space    used 4038K, capacity 4435K, committed 4480K, reserved 1048576K

Card table byte_map: [0x00000282e4fe0000,0x00000282e53e0000] byte_map_base: 0x00000282e4bd2000

Marking Bits: (ParMarkBitMap*) 0x0000000061004fb0
 Begin Bits: [0x00000282e5690000, 0x00000282e7620000)
 End Bits:   [0x00000282e7620000, 0x00000282e95b0000)

Polling page: 0x00000282d5bf0000

CodeCache: size=245760Kb used=13367Kb max_used=13367Kb free=232392Kb
 bounds [0x00000282d5c20000, 0x00000282d6940000, 0x00000282e4c20000]
 total_blobs=3816 nmethods=3428 adapters=308
 compilation: enabled

Compilation events (10 events):
Event: 7.241 Thread 0x00000282ebc68800 3501       2       java.lang.StringBuilder::append (8 bytes)
Event: 7.241 Thread 0x00000282ebc68800 nmethod 3501 0x00000282d6931050 code [0x00000282d69311c0, 0x00000282d6931350]
Event: 7.242 Thread 0x00000282ebc68800 3502       2       java.lang.ThreadLocal$ThreadLocalMap::access$100 (7 bytes)
Event: 7.243 Thread 0x00000282ebc68800 nmethod 3502 0x00000282d69313d0 code [0x00000282d6931540, 0x00000282d69316b0]
Event: 7.243 Thread 0x00000282ebc68800 3503       2       java.lang.ThreadLocal$ThreadLocalMap::set (136 bytes)
Event: 7.243 Thread 0x00000282ebc68800 nmethod 3503 0x00000282d6931790 code [0x00000282d6931940, 0x00000282d6931e90]
Event: 7.258 Thread 0x00000282ebc68800 3504   !   2       com.sun.proxy.$Proxy50::annotationType (29 bytes)
Event: 7.258 Thread 0x00000282ebc68800 nmethod 3504 0x00000282d6932350 code [0x00000282d69324e0, 0x00000282d6932800]
Event: 7.258 Thread 0x00000282ebc68800 3505   !   2       com.sun.proxy.$Proxy17::annotationType (29 bytes)
Event: 7.258 Thread 0x00000282ebc68800 nmethod 3505 0x00000282d69329d0 code [0x00000282d6932b60, 0x00000282d6932e80]

GC Heap History (10 events):
Event: 2.637 GC heap before
{Heap before GC invocations=5 (full 0):
 PSYoungGen      total 71680K, used 71345K [0x00000000d5f00000, 0x00000000daa00000, 0x0000000100000000)
  eden space 66560K, 99% used [0x00000000d5f00000,0x00000000d9ffe450,0x00000000da000000)
  from space 5120K, 93% used [0x00000000da500000,0x00000000da9ae210,0x00000000daa00000)
  to   space 5120K, 0% used [0x00000000da000000,0x00000000da000000,0x00000000da500000)
 ParOldGen       total 87552K, used 32K [0x0000000081c00000, 0x0000000087180000, 0x00000000d5f00000)
  object space 87552K, 0% used [0x0000000081c00000,0x0000000081c08000,0x0000000087180000)
 Metaspace       used 18277K, capacity 19040K, committed 19328K, reserved 1067008K
  class space    used 2216K, capacity 2411K, committed 2432K, reserved 1048576K
Event: 2.656 GC heap after
Heap after GC invocations=5 (full 0):
 PSYoungGen      total 71680K, used 5109K [0x00000000d5f00000, 0x00000000df100000, 0x0000000100000000)
  eden space 66560K, 0% used [0x00000000d5f00000,0x00000000d5f00000,0x00000000da000000)
  from space 5120K, 99% used [0x00000000da000000,0x00000000da4fd5b8,0x00000000da500000)
  to   space 8192K, 0% used [0x00000000de900000,0x00000000de900000,0x00000000df100000)
 ParOldGen       total 87552K, used 2887K [0x0000000081c00000, 0x0000000087180000, 0x00000000d5f00000)
  object space 87552K, 3% used [0x0000000081c00000,0x0000000081ed1cc0,0x0000000087180000)
 Metaspace       used 18277K, capacity 19040K, committed 19328K, reserved 1067008K
  class space    used 2216K, capacity 2411K, committed 2432K, reserved 1048576K
}
Event: 2.900 GC heap before
{Heap before GC invocations=6 (full 0):
 PSYoungGen      total 71680K, used 37928K [0x00000000d5f00000, 0x00000000df100000, 0x0000000100000000)
  eden space 66560K, 49% used [0x00000000d5f00000,0x00000000d7f0cc48,0x00000000da000000)
  from space 5120K, 99% used [0x00000000da000000,0x00000000da4fd5b8,0x00000000da500000)
  to   space 8192K, 0% used [0x00000000de900000,0x00000000de900000,0x00000000df100000)
 ParOldGen       total 87552K, used 2887K [0x0000000081c00000, 0x0000000087180000, 0x00000000d5f00000)
  object space 87552K, 3% used [0x0000000081c00000,0x0000000081ed1cc0,0x0000000087180000)
 Metaspace       used 20395K, capacity 21192K, committed 21296K, reserved 1069056K
  class space    used 2513K, capacity 2717K, committed 2816K, reserved 1048576K
Event: 2.910 GC heap after
Heap after GC invocations=6 (full 0):
 PSYoungGen      total 140800K, used 6383K [0x00000000d5f00000, 0x00000000df200000, 0x0000000100000000)
  eden space 132608K, 0% used [0x00000000d5f00000,0x00000000d5f00000,0x00000000de080000)
  from space 8192K, 77% used [0x00000000de900000,0x00000000def3be38,0x00000000df100000)
  to   space 8704K, 0% used [0x00000000de080000,0x00000000de080000,0x00000000de900000)
 ParOldGen       total 87552K, used 2895K [0x0000000081c00000, 0x0000000087180000, 0x00000000d5f00000)
  object space 87552K, 3% used [0x0000000081c00000,0x0000000081ed3cc0,0x0000000087180000)
 Metaspace       used 20395K, capacity 21192K, committed 21296K, reserved 1069056K
  class space    used 2513K, capacity 2717K, committed 2816K, reserved 1048576K
}
Event: 2.910 GC heap before
{Heap before GC invocations=7 (full 1):
 PSYoungGen      total 140800K, used 6383K [0x00000000d5f00000, 0x00000000df200000, 0x0000000100000000)
  eden space 132608K, 0% used [0x00000000d5f00000,0x00000000d5f00000,0x00000000de080000)
  from space 8192K, 77% used [0x00000000de900000,0x00000000def3be38,0x00000000df100000)
  to   space 8704K, 0% used [0x00000000de080000,0x00000000de080000,0x00000000de900000)
 ParOldGen       total 87552K, used 2895K [0x0000000081c00000, 0x0000000087180000, 0x00000000d5f00000)
  object space 87552K, 3% used [0x0000000081c00000,0x0000000081ed3cc0,0x0000000087180000)
 Metaspace       used 20395K, capacity 21192K, committed 21296K, reserved 1069056K
  class space    used 2513K, capacity 2717K, committed 2816K, reserved 1048576K
Event: 2.949 GC heap after
Heap after GC invocations=7 (full 1):
 PSYoungGen      total 140800K, used 0K [0x00000000d5f00000, 0x00000000df200000, 0x0000000100000000)
  eden space 132608K, 0% used [0x00000000d5f00000,0x00000000d5f00000,0x00000000de080000)
  from space 8192K, 0% used [0x00000000de900000,0x00000000de900000,0x00000000df100000)
  to   space 8704K, 0% used [0x00000000de080000,0x00000000de080000,0x00000000de900000)
 ParOldGen       total 53760K, used 6140K [0x0000000081c00000, 0x0000000085080000, 0x00000000d5f00000)
  object space 53760K, 11% used [0x0000000081c00000,0x00000000821ff030,0x0000000085080000)
 Metaspace       used 20395K, capacity 21192K, committed 21296K, reserved 1069056K
  class space    used 2513K, capacity 2717K, committed 2816K, reserved 1048576K
}
Event: 4.534 GC heap before
{Heap before GC invocations=8 (full 1):
 PSYoungGen      total 140800K, used 132608K [0x00000000d5f00000, 0x00000000df200000, 0x0000000100000000)
  eden space 132608K, 100% used [0x00000000d5f00000,0x00000000de080000,0x00000000de080000)
  from space 8192K, 0% used [0x00000000de900000,0x00000000de900000,0x00000000df100000)
  to   space 8704K, 0% used [0x00000000de080000,0x00000000de080000,0x00000000de900000)
 ParOldGen       total 53760K, used 6140K [0x0000000081c00000, 0x0000000085080000, 0x00000000d5f00000)
  object space 53760K, 11% used [0x0000000081c00000,0x00000000821ff030,0x0000000085080000)
 Metaspace       used 24007K, capacity 25208K, committed 25344K, reserved 1071104K
  class space    used 2967K, capacity 3258K, committed 3328K, reserved 1048576K
Event: 4.544 GC heap after
Heap after GC invocations=8 (full 1):
 PSYoungGen      total 141312K, used 6615K [0x00000000d5f00000, 0x00000000e3d80000, 0x0000000100000000)
  eden space 132608K, 0% used [0x00000000d5f00000,0x00000000d5f00000,0x00000000de080000)
  from space 8704K, 76% used [0x00000000de080000,0x00000000de6f5f38,0x00000000de900000)
  to   space 8704K, 0% used [0x00000000e3500000,0x00000000e3500000,0x00000000e3d80000)
 ParOldGen       total 53760K, used 6148K [0x0000000081c00000, 0x0000000085080000, 0x00000000d5f00000)
  object space 53760K, 11% used [0x0000000081c00000,0x0000000082201030,0x0000000085080000)
 Metaspace       used 24007K, capacity 25208K, committed 25344K, reserved 1071104K
  class space    used 2967K, capacity 3258K, committed 3328K, reserved 1048576K
}
Event: 6.389 GC heap before
{Heap before GC invocations=9 (full 1):
 PSYoungGen      total 141312K, used 139223K [0x00000000d5f00000, 0x00000000e3d80000, 0x0000000100000000)
  eden space 132608K, 100% used [0x00000000d5f00000,0x00000000de080000,0x00000000de080000)
  from space 8704K, 76% used [0x00000000de080000,0x00000000de6f5f38,0x00000000de900000)
  to   space 8704K, 0% used [0x00000000e3500000,0x00000000e3500000,0x00000000e3d80000)
 ParOldGen       total 53760K, used 6148K [0x0000000081c00000, 0x0000000085080000, 0x00000000d5f00000)
  object space 53760K, 11% used [0x0000000081c00000,0x0000000082201030,0x0000000085080000)
 Metaspace       used 29943K, capacity 31876K, committed 32128K, reserved 1077248K
  class space    used 3794K, capacity 4146K, committed 4224K, reserved 1048576K
Event: 6.403 GC heap after
Heap after GC invocations=9 (full 1):
 PSYoungGen      total 214016K, used 8681K [0x00000000d5f00000, 0x00000000e3d80000, 0x0000000100000000)
  eden space 205312K, 0% used [0x00000000d5f00000,0x00000000d5f00000,0x00000000e2780000)
  from space 8704K, 99% used [0x00000000e3500000,0x00000000e3d7a700,0x00000000e3d80000)
  to   space 10752K, 0% used [0x00000000e2880000,0x00000000e2880000,0x00000000e3300000)
 ParOldGen       total 53760K, used 7960K [0x0000000081c00000, 0x0000000085080000, 0x00000000d5f00000)
  object space 53760K, 14% used [0x0000000081c00000,0x00000000823c6350,0x0000000085080000)
 Metaspace       used 29943K, capacity 31876K, committed 32128K, reserved 1077248K
  class space    used 3794K, capacity 4146K, committed 4224K, reserved 1048576K
}

Deoptimization events (10 events):
Event: 6.997 Thread 0x00000282ebb17800 Uncommon trap: reason=unstable_if action=reinterpret pc=0x00000282d68067a8 method=java.util.jar.JarFile.maybeInstantiateVerifier()V @ 75
Event: 7.145 Thread 0x00000282ebb17800 Uncommon trap: reason=unstable_if action=reinterpret pc=0x00000282d5e36024 method=java.lang.AbstractStringBuilder.append(Ljava/lang/String;)Ljava/lang/AbstractStringBuilder; @ 1
Event: 7.156 Thread 0x00000282ebb17800 Uncommon trap: reason=array_check action=maybe_recompile pc=0x00000282d67e4830 method=java.util.AbstractCollection.toArray([Ljava/lang/Object;)[Ljava/lang/Object; @ 119
Event: 7.180 Thread 0x00000282ebb17800 Uncommon trap: reason=range_check action=none pc=0x00000282d5feb61c method=sun.reflect.generics.parser.SignatureParser.current()C @ 34
Event: 7.191 Thread 0x00000282ebb17800 Uncommon trap: reason=unstable_if action=reinterpret pc=0x00000282d676fa28 method=org.springframework.beans.factory.support.DefaultSingletonBeanRegistry.getSingleton(Ljava/lang/String;Z)Ljava/lang/Object; @ 39
Event: 7.212 Thread 0x00000282ebb17800 Uncommon trap: reason=range_check action=none pc=0x00000282d5feb61c method=sun.reflect.generics.parser.SignatureParser.current()C @ 34
Event: 7.220 Thread 0x00000282ebb17800 Uncommon trap: reason=range_check action=none pc=0x00000282d5feb61c method=sun.reflect.generics.parser.SignatureParser.current()C @ 34
Event: 7.223 Thread 0x00000282ebb17800 Uncommon trap: reason=range_check action=none pc=0x00000282d5feb61c method=sun.reflect.generics.parser.SignatureParser.current()C @ 34
Event: 7.241 Thread 0x00000282ebb17800 Uncommon trap: reason=range_check action=none pc=0x00000282d5feb61c method=sun.reflect.generics.parser.SignatureParser.current()C @ 34
Event: 7.242 Thread 0x00000282ebb17800 Uncommon trap: reason=range_check action=none pc=0x00000282d5feb61c method=sun.reflect.generics.parser.SignatureParser.current()C @ 34

Classes redefined (0 events):
No events

Internal exceptions (10 events):
Event: 6.907 Thread 0x00000282ebb17800 Exception <a 'java/lang/ArrayIndexOutOfBoundsException': 39> (0x00000000da185a98) thrown at [C:\jenkins\workspace\8-2-build-windows-amd64-cygwin\jdk8u261\295\hotspot\src\share\vm\interpreter\interpreterRuntime.cpp, line 368]
Event: 6.908 Thread 0x00000282ebb17800 Exception <a 'java/lang/ArrayIndexOutOfBoundsException': 45> (0x00000000da1ac070) thrown at [C:\jenkins\workspace\8-2-build-windows-amd64-cygwin\jdk8u261\295\hotspot\src\share\vm\interpreter\interpreterRuntime.cpp, line 368]
Event: 6.979 Thread 0x00000282ebb17800 Exception <a 'java/lang/NoSuchMethodError': java.lang.Object.lambda$static$0(Ljava/lang/Object;)Ljava/lang/Object;> (0x00000000da2f2538) thrown at [C:\jenkins\workspace\8-2-build-windows-amd64-cygwin\jdk8u261\295\hotspot\src\share\vm\interpreter\linkResol
Event: 7.145 Thread 0x00000282ebb17800 Implicit null exception at 0x00000282d5e35b17 to 0x00000282d5e36009
Event: 7.180 Thread 0x00000282ebb17800 Exception <a 'java/lang/ArrayIndexOutOfBoundsException': 191> (0x00000000dac5c400) thrown at [C:\jenkins\workspace\8-2-build-windows-amd64-cygwin\jdk8u261\295\hotspot\src\share\vm\interpreter\interpreterRuntime.cpp, line 368]
Event: 7.213 Thread 0x00000282ebb17800 Exception <a 'java/lang/ArrayIndexOutOfBoundsException': 941> (0x00000000dacd2bd0) thrown at [C:\jenkins\workspace\8-2-build-windows-amd64-cygwin\jdk8u261\295\hotspot\src\share\vm\interpreter\interpreterRuntime.cpp, line 368]
Event: 7.221 Thread 0x00000282ebb17800 Exception <a 'java/lang/ArrayIndexOutOfBoundsException': 38> (0x00000000dad0c5e8) thrown at [C:\jenkins\workspace\8-2-build-windows-amd64-cygwin\jdk8u261\295\hotspot\src\share\vm\interpreter\interpreterRuntime.cpp, line 368]
Event: 7.223 Thread 0x00000282ebb17800 Exception <a 'java/lang/ArrayIndexOutOfBoundsException': 56> (0x00000000dad206f0) thrown at [C:\jenkins\workspace\8-2-build-windows-amd64-cygwin\jdk8u261\295\hotspot\src\share\vm\interpreter\interpreterRuntime.cpp, line 368]
Event: 7.241 Thread 0x00000282ebb17800 Exception <a 'java/lang/ArrayIndexOutOfBoundsException': 35> (0x00000000dada5670) thrown at [C:\jenkins\workspace\8-2-build-windows-amd64-cygwin\jdk8u261\295\hotspot\src\share\vm\interpreter\interpreterRuntime.cpp, line 368]
Event: 7.242 Thread 0x00000282ebb17800 Exception <a 'java/lang/ArrayIndexOutOfBoundsException': 92> (0x00000000dada7038) thrown at [C:\jenkins\workspace\8-2-build-windows-amd64-cygwin\jdk8u261\295\hotspot\src\share\vm\interpreter\interpreterRuntime.cpp, line 368]

Events (10 events):
Event: 7.268 Thread 0x00000282ebb17800 DEOPT UNPACKING pc=0x00000282d5c67898 sp=0x000000b3d2ef97a0 mode 1
Event: 7.268 Thread 0x00000282ebb17800 DEOPT PACKING pc=0x00000282d5dcef1c sp=0x000000b3d2ef9b10
Event: 7.268 Thread 0x00000282ebb17800 DEOPT UNPACKING pc=0x00000282d5c67898 sp=0x000000b3d2ef9930 mode 1
Event: 7.268 loading class org/apache/catalina/core/StandardServer
Event: 7.268 loading class org/apache/catalina/core/StandardServer done
Event: 7.268 loading class org/springframework/dao/QueryTimeoutException
Event: 7.268 loading class org/springframework/dao/QueryTimeoutException done
Event: 7.268 Thread 0x00000282ebb17800 DEOPT PACKING pc=0x00000282d5ee0701 sp=0x000000b3d2ef9900
Event: 7.268 Thread 0x00000282ebb17800 DEOPT UNPACKING pc=0x00000282d5c67898 sp=0x000000b3d2ef9650 mode 1
Event: 7.268 Thread 0x00000282ebb17800 DEOPT PACKING pc=0x00000282d5dcf18c sp=0x000000b3d2ef9980


Dynamic libraries:
0x00007ff7124c0000 - 0x00007ff712507000 	C:\Program Files\Java\jre1.8.0_261\bin\javaw.exe
0x00007ffb8c450000 - 0x00007ffb8c645000 	C:\Windows\SYSTEM32\ntdll.dll
0x00007ffb8b240000 - 0x00007ffb8b2fd000 	C:\Windows\System32\KERNEL32.DLL
0x00007ffb8a030000 - 0x00007ffb8a2f7000 	C:\Windows\System32\KERNELBASE.dll
0x00007ffb8b7b0000 - 0x00007ffb8b85a000 	C:\Windows\System32\ADVAPI32.dll
0x00007ffb8b3e0000 - 0x00007ffb8b47e000 	C:\Windows\System32\msvcrt.dll
0x00007ffb8a4b0000 - 0x00007ffb8a54b000 	C:\Windows\System32\sechost.dll
0x00007ffb8a6b0000 - 0x00007ffb8a7d4000 	C:\Windows\System32\RPCRT4.dll
0x00007ffb8c270000 - 0x00007ffb8c410000 	C:\Windows\System32\USER32.dll
0x00007ffb89ef0000 - 0x00007ffb89f12000 	C:\Windows\System32\win32u.dll
0x00007ffb8b860000 - 0x00007ffb8b88a000 	C:\Windows\System32\GDI32.dll
0x00007ffb89f20000 - 0x00007ffb8a029000 	C:\Windows\System32\gdi32full.dll
0x00007ffb89cf0000 - 0x00007ffb89d8d000 	C:\Windows\System32\msvcp_win.dll
0x00007ffb89d90000 - 0x00007ffb89e90000 	C:\Windows\System32\ucrtbase.dll
0x00007ffb88fb0000 - 0x00007ffb8924b000 	C:\Windows\WinSxS\amd64_microsoft.windows.common-controls_6595b64144ccf1df_6.0.19041.488_none_ca04af081b815d21\COMCTL32.dll
0x00007ffb8af30000 - 0x00007ffb8af60000 	C:\Windows\System32\IMM32.DLL
0x00007ffb7eed0000 - 0x00007ffb7eee5000 	C:\Program Files\Java\jre1.8.0_261\bin\vcruntime140.dll
0x00007ffb70bd0000 - 0x00007ffb70c6b000 	C:\Program Files\Java\jre1.8.0_261\bin\msvcp140.dll
0x0000000060810000 - 0x000000006107c000 	C:\Program Files\Java\jre1.8.0_261\bin\server\jvm.dll
0x00007ffb8bbf0000 - 0x00007ffb8bbf8000 	C:\Windows\System32\PSAPI.DLL
0x00007ffb75750000 - 0x00007ffb75759000 	C:\Windows\SYSTEM32\WSOCK32.dll
0x00007ffb8b5c0000 - 0x00007ffb8b62b000 	C:\Windows\System32\WS2_32.dll
0x00007ffb78910000 - 0x00007ffb78937000 	C:\Windows\SYSTEM32\WINMM.dll
0x00007ffb80d30000 - 0x00007ffb80d3a000 	C:\Windows\SYSTEM32\VERSION.dll
0x00007ffb87e30000 - 0x00007ffb87e43000 	C:\Windows\SYSTEM32\kernel.appcore.dll
0x00007ffb82f60000 - 0x00007ffb82f70000 	C:\Program Files\Java\jre1.8.0_261\bin\verify.dll
0x00007ffb7df20000 - 0x00007ffb7df4b000 	C:\Program Files\Java\jre1.8.0_261\bin\java.dll
0x00007ffb5ead0000 - 0x00007ffb5eb06000 	C:\Program Files\Java\jre1.8.0_261\bin\jdwp.dll
0x00007ffb7eec0000 - 0x00007ffb7eec9000 	C:\Program Files\Java\jre1.8.0_261\bin\npt.dll
0x00007ffb5e420000 - 0x00007ffb5e452000 	C:\Program Files\Java\jre1.8.0_261\bin\instrument.dll
0x00007ffb71520000 - 0x00007ffb71538000 	C:\Program Files\Java\jre1.8.0_261\bin\zip.dll
0x00007ffb8a7e0000 - 0x00007ffb8af21000 	C:\Windows\System32\SHELL32.dll
0x00007ffb87480000 - 0x00007ffb87c13000 	C:\Windows\SYSTEM32\windows.storage.dll
0x00007ffb8b890000 - 0x00007ffb8bbe5000 	C:\Windows\System32\combase.dll
0x00007ffb88f10000 - 0x00007ffb88f3c000 	C:\Windows\SYSTEM32\Wldp.dll
0x00007ffb8c1c0000 - 0x00007ffb8c26e000 	C:\Windows\System32\SHCORE.dll
0x00007ffb8b120000 - 0x00007ffb8b175000 	C:\Windows\System32\shlwapi.dll
0x00007ffb89ac0000 - 0x00007ffb89ae6000 	C:\Windows\SYSTEM32\profapi.dll
0x00007ffb7e8b0000 - 0x00007ffb7e8ba000 	C:\Program Files\Java\jre1.8.0_261\bin\dt_socket.dll
0x00007ffb70020000 - 0x00007ffb70037000 	C:\Windows\system32\napinsp.dll
0x00007ffb70100000 - 0x00007ffb7011b000 	C:\Windows\system32\pnrpnsp.dll
0x00007ffb83960000 - 0x00007ffb83975000 	C:\Windows\system32\wshbth.dll
0x00007ffb826c0000 - 0x00007ffb826dd000 	C:\Windows\system32\NLAapi.dll
0x00007ffb88980000 - 0x00007ffb889bb000 	C:\Windows\SYSTEM32\IPHLPAPI.DLL
0x00007ffb88c90000 - 0x00007ffb88cfa000 	C:\Windows\System32\mswsock.dll
0x00007ffb889c0000 - 0x00007ffb88a8b000 	C:\Windows\SYSTEM32\DNSAPI.dll
0x00007ffb8af60000 - 0x00007ffb8af69000 	C:\Windows\System32\NSI.dll
0x00007ffb700d0000 - 0x00007ffb700e2000 	C:\Windows\System32\winrnr.dll
0x00007ffb78b60000 - 0x00007ffb78bdf000 	C:\Windows\System32\fwpuclnt.dll
0x00007ffb8a3b0000 - 0x00007ffb8a3d7000 	C:\Windows\System32\bcrypt.dll
0x00007ffb78900000 - 0x00007ffb7890a000 	C:\Windows\System32\rasadhlp.dll
0x00007ffb783f0000 - 0x00007ffb783fd000 	C:\Program Files\Java\jre1.8.0_261\bin\management.dll
0x00007ffb71500000 - 0x00007ffb7151c000 	C:\Program Files\Java\jre1.8.0_261\bin\net.dll
0x00007ffb714e0000 - 0x00007ffb714f3000 	C:\Program Files\Java\jre1.8.0_261\bin\nio.dll
0x00007ffb89840000 - 0x00007ffb89858000 	C:\Windows\SYSTEM32\CRYPTSP.dll
0x00007ffb88640000 - 0x00007ffb88674000 	C:\Windows\system32\rsaenh.dll
0x00007ffb89a80000 - 0x00007ffb89aae000 	C:\Windows\SYSTEM32\USERENV.dll
0x00007ffb8a430000 - 0x00007ffb8a4af000 	C:\Windows\System32\bcryptprimitives.dll
0x00007ffb88e60000 - 0x00007ffb88e6c000 	C:\Windows\SYSTEM32\CRYPTBASE.dll
0x00007ffb80d10000 - 0x00007ffb80d27000 	C:\Windows\SYSTEM32\dhcpcsvc6.DLL
0x00007ffb80ca0000 - 0x00007ffb80cbd000 	C:\Windows\SYSTEM32\dhcpcsvc.DLL
0x00007ffb89650000 - 0x00007ffb89834000 	C:\Windows\SYSTEM32\dbghelp.dll

VM Arguments:
jvm_args: -agentlib:jdwp=transport=dt_socket,suspend=y,address=localhost:53325 -javaagent:C:\Users\Minh Hieu\eclipse\jee-2020-12\eclipse\configuration\org.eclipse.osgi\405\0\.cp\lib\javaagent-shaded.jar -Dfile.encoding=UTF-8 
java_command: com.quiz.QuizApplication
java_class_path (initial): F:\quiz\target\classes;C:\Users\Minh Hieu\.m2\repository\org\springframework\boot\spring-boot-starter-data-jpa\2.4.3\spring-boot-starter-data-jpa-2.4.3.jar;C:\Users\Minh Hieu\.m2\repository\org\springframework\boot\spring-boot-starter-aop\2.4.3\spring-boot-starter-aop-2.4.3.jar;C:\Users\Minh Hieu\.m2\repository\org\springframework\spring-aop\5.3.4\spring-aop-5.3.4.jar;C:\Users\Minh Hieu\.m2\repository\org\aspectj\aspectjweaver\1.9.6\aspectjweaver-1.9.6.jar;C:\Users\Minh Hieu\.m2\repository\org\springframework\boot\spring-boot-starter-jdbc\2.4.3\spring-boot-starter-jdbc-2.4.3.jar;C:\Users\Minh Hieu\.m2\repository\com\zaxxer\HikariCP\3.4.5\HikariCP-3.4.5.jar;C:\Users\Minh Hieu\.m2\repository\org\springframework\spring-jdbc\5.3.4\spring-jdbc-5.3.4.jar;C:\Users\Minh Hieu\.m2\repository\jakarta\transaction\jakarta.transaction-api\1.3.3\jakarta.transaction-api-1.3.3.jar;C:\Users\Minh Hieu\.m2\repository\jakarta\persistence\jakarta.persistence-api\2.2.3\jakarta.persistence-api-2.2.3.jar;C:\Users\Minh Hieu\.m2\repository\org\hibernate\hibernate-core\5.4.28.Final\hibernate-core-5.4.28.Final.jar;C:\Users\Minh Hieu\.m2\repository\org\jboss\logging\jboss-logging\3.4.1.Final\jboss-logging-3.4.1.Final.jar;C:\Users\Minh Hieu\.m2\repository\org\javassist\javassist\3.27.0-GA\javassist-3.27.0-GA.jar;C:\Users\Minh Hieu\.m2\repository\net\bytebuddy\byte-buddy\1.10.20\byte-buddy-1.10.20.jar;C:\Users\Minh Hieu\.m2\repository\antlr\antlr\2.7.7\antlr-2.7.7.jar;C:\Users\Minh Hieu\.m2\repository\org\jboss\jandex\2.2.3.Final\jandex-2.2.3.Final.jar;C:\Users\Minh Hieu\.m2\repository\com\fasterxml\classmate\1.5.1\classmate-1.5.1.jar;C:\Users\Minh Hieu\.m2\repository\org\dom4j\dom4j\2.1.3\dom4j-2.1.3.jar;C:\Users\Minh Hieu\.m2\repository\org\hibernate\common\hibernate-commons-annotations\5.1.2.Final\hibernate-commons-annotations-5.1.2.Final.jar;C:\Users\Minh Hieu\.m2\repository\org\glassfish\jaxb\jaxb-runtime\2.3.3\jaxb-runtime-2.3.3.jar;C:\Users\Minh Hieu\.m2\reposit
Launcher Type: SUN_STANDARD

Environment Variables:
JAVA_HOME=C:\Program Files\Java\jdk1.8.0_191
PATH=C:/Users/Minh Hieu/.p2/pool/plugins/org.eclipse.justj.openjdk.hotspot.jre.full.win32.x86_64_15.0.2.v20210201-0955/jre/bin/server;C:/Users/Minh Hieu/.p2/pool/plugins/org.eclipse.justj.openjdk.hotspot.jre.full.win32.x86_64_15.0.2.v20210201-0955/jre/bin;C:\Program Files\Microsoft MPI\Bin\;C:\Program Files (x86)\Common Files\Oracle\Java\javapath;"C:\Program Files\Java\jdk1.8.0_191\bin;C:\Program Files (x86)\Common Files\Oracle\Java\javapath";C:\Windows\system32;C:\Windows;C:\Windows\System32\Wbem;C:\Windows\System32\WindowsPowerShell\v1.0\;C:\Windows\System32\OpenSSH\;C:\Program Files\Java\jdk1.8.0_191\bin;C:\apache-maven-3.6.0\bin;C:\Program Files\Git\cmd;C:\ProgramData\chocolatey\bin;C:\Program Files\dotnet\;C:\Program Files\TortoiseSVN\bin;D:\MATLAB\R2019a\runtime\win64;D:\MATLAB\R2019a\bin;D:\MATLAB\R2019a\polyspace\bin;C:\Program Files\nodejs\;C:\Program Files (x86)\dotnet\;C:\Program Files (x86)\Microsoft SQL Server\150\DTS\Binn\;C:\Program Files (x86)\Microsoft SQL Server\110\Tools\Binn\;C:\Program Files\Microsoft SQL Server\110\Tools\Binn\;C:\Program Files\Microsoft SQL Server\110\DTS\Binn\;C:\Users\Minh Hieu\AppData\Local\Microsoft\WindowsApps;C:\Users\Minh Hieu\AppData\Local\Programs\Microsoft VS Code\bin;C:\Users\Minh Hieu\.dotnet\tools;C:\Users\Minh Hieu\AppData\Roaming\npm;C:\Program Files\Azure Data Studio\bin;C:\Program Files\Azure Data Studio\bin;C:\Users\Minh Hieu\AppData\Local\GitHubDesktop\bin;C:\Users\Minh Hieu\AppData\Local\Programs\Azure Data Studio\bin;C:\Users\Minh Hieu\Desktop;
USERNAME=Minh Hieu
OS=Windows_NT
PROCESSOR_IDENTIFIER=Intel64 Family 6 Model 142 Stepping 9, GenuineIntel



---------------  S Y S T E M  ---------------

OS: Windows 10.0 , 64 bit Build 19041 (10.0.19041.292)

CPU:total 4 (initial active 4) (2 cores per cpu, 2 threads per core) family 6 model 142 stepping 9, cmov, cx8, fxsr, mmx, sse, sse2, sse3, ssse3, sse4.1, sse4.2, popcnt, avx, avx2, aes, clmul, erms, 3dnowpref, lzcnt, ht, tsc, tscinvbit, bmi1, bmi2, adx

Memory: 4k page, physical 8267176k(2304004k free), swap 12797828k(2182984k free)

vm_info: Java HotSpot(TM) 64-Bit Server VM (25.261-b12) for windows-amd64 JRE (1.8.0_261-b12), built on Jun 18 2020 06:56:32 by "" with unknown MS VC++:1916

time: Thu Apr 22 01:23:18 2021
timezone: SE Asia Standard Time
elapsed time: 7 seconds (0d 0h 0m 7s)

